<?xml version="1.0" encoding="UTF-8"?>
<coverage generated="1496187492">
  <project timestamp="1496187492">
    <package name="Seeren\Loader">
      <file name="C:\xampp\htdocs\seeren-dev-master\loader\src/ClassMap.php">
        <class name="ClassMap" namespace="Seeren\Loader" fullPackage="Loader" category="Seeren" package="Loader">
          <metrics complexity="7" methods="4" coveredmethods="4" conditionals="0" coveredconditionals="0" statements="15" coveredstatements="15" elements="19" coveredelements="19"/>
        </class>
        <line num="39" type="method" name="__construct" visibility="public" complexity="1" crap="1" count="11"/>
        <line num="41" type="stmt" count="11"/>
        <line num="42" type="stmt" count="11"/>
        <line num="43" type="stmt" count="11"/>
        <line num="51" type="method" name="fileName" visibility="protected" complexity="2" crap="2" count="6"/>
        <line num="53" type="stmt" count="6"/>
        <line num="54" type="stmt" count="6"/>
        <line num="55" type="stmt" count="2"/>
        <line num="56" type="stmt" count="2"/>
        <line num="58" type="stmt" count="6"/>
        <line num="68" type="method" name="addClass" visibility="public" complexity="2" crap="2" count="3"/>
        <line num="72" type="stmt" count="3"/>
        <line num="73" type="stmt" count="3"/>
        <line num="75" type="stmt" count="3"/>
        <line num="77" type="stmt" count="3"/>
        <line num="86" type="method" name="removeClass" visibility="public" complexity="2" crap="2" count="3"/>
        <line num="88" type="stmt" count="3"/>
        <line num="89" type="stmt" count="3"/>
        <line num="91" type="stmt" count="3"/>
        <metrics loc="94" ncloc="48" classes="1" methods="4" coveredmethods="4" conditionals="0" coveredconditionals="0" statements="15" coveredstatements="15" elements="19" coveredelements="19"/>
      </file>
      <file name="C:\xampp\htdocs\seeren-dev-master\loader\src/Loader.php">
        <class name="Loader" namespace="Seeren\Loader" fullPackage="Loader" category="Seeren" package="Loader">
          <metrics complexity="6" methods="4" coveredmethods="4" conditionals="0" coveredconditionals="0" statements="9" coveredstatements="9" elements="13" coveredelements="13"/>
        </class>
        <line num="41" type="method" name="__construct" visibility="protected" complexity="1" crap="1" count="17"/>
        <line num="43" type="stmt" count="17"/>
        <line num="51" type="method" name="load" visibility="public" complexity="2" crap="2" count="11"/>
        <line num="53" type="stmt" count="11"/>
        <line num="54" type="stmt" count="5"/>
        <line num="55" type="stmt" count="5"/>
        <line num="57" type="stmt" count="8"/>
        <line num="65" type="method" name="register" visibility="public" complexity="1" crap="1" count="6"/>
        <line num="67" type="stmt" count="6"/>
        <line num="68" type="stmt" count="6"/>
        <line num="76" type="method" name="unregister" visibility="public" complexity="1" crap="1" count="3"/>
        <line num="78" type="stmt" count="3"/>
        <line num="79" type="stmt" count="3"/>
        <metrics loc="82" ncloc="36" classes="1" methods="4" coveredmethods="4" conditionals="0" coveredconditionals="0" statements="9" coveredstatements="9" elements="13" coveredelements="13"/>
      </file>
      <file name="C:\xampp\htdocs\seeren-dev-master\loader\src/Psr4.php">
        <class name="Psr4" namespace="Seeren\Loader" fullPackage="Loader" category="Seeren" package="Loader">
          <metrics complexity="18" methods="8" coveredmethods="8" conditionals="0" coveredconditionals="0" statements="40" coveredstatements="40" elements="48" coveredelements="48"/>
        </class>
        <line num="39" type="method" name="__construct" visibility="public" complexity="1" crap="1" count="13"/>
        <line num="41" type="stmt" count="13"/>
        <line num="42" type="stmt" count="13"/>
        <line num="43" type="stmt" count="13"/>
        <line num="51" type="method" name="parsePrefix" visibility="private" complexity="1" crap="1" count="5"/>
        <line num="53" type="stmt" count="5"/>
        <line num="62" type="method" name="parseBaseDirectory" visibility="private" complexity="1" crap="1" count="5"/>
        <line num="64" type="stmt" count="5"/>
        <line num="74" type="method" name="parseFileName" visibility="private" complexity="1" crap="1" count="3"/>
        <line num="78" type="stmt" count="3"/>
        <line num="79" type="stmt" count="3"/>
        <line num="80" type="stmt" count="3"/>
        <line num="82" type="stmt" count="3"/>
        <line num="83" type="stmt" count="3"/>
        <line num="93" type="method" name="find" visibility="private" complexity="3" crap="3" count="3"/>
        <line num="95" type="stmt" count="3"/>
        <line num="96" type="stmt" count="3"/>
        <line num="97" type="stmt" count="3"/>
        <line num="98" type="stmt" count="3"/>
        <line num="100" type="stmt" count="1"/>
        <line num="102" type="stmt" count="3"/>
        <line num="111" type="method" name="fileName" visibility="protected" complexity="4" crap="4" count="9"/>
        <line num="113" type="stmt" count="9"/>
        <line num="114" type="stmt" count="9"/>
        <line num="115" type="stmt" count="9"/>
        <line num="116" type="stmt" count="5"/>
        <line num="117" type="stmt" count="5"/>
        <line num="118" type="stmt" count="5"/>
        <line num="119" type="stmt" count="5"/>
        <line num="120" type="stmt" count="3"/>
        <line num="122" type="stmt" count="2"/>
        <line num="124" type="stmt" count="9"/>
        <line num="134" type="method" name="addPrefix" visibility="public" complexity="5" crap="5" count="5"/>
        <line num="138" type="stmt" count="5"/>
        <line num="139" type="stmt" count="5"/>
        <line num="140" type="stmt" count="5"/>
        <line num="141" type="stmt" count="1"/>
        <line num="142" type="stmt" count="1"/>
        <line num="144" type="stmt" count="1"/>
        <line num="145" type="stmt" count="4"/>
        <line num="146" type="stmt" count="4"/>
        <line num="147" type="stmt" count="4"/>
        <line num="151" type="stmt" count="5"/>
        <line num="160" type="method" name="removePrefix" visibility="public" complexity="2" crap="2" count="2"/>
        <line num="162" type="stmt" count="2"/>
        <line num="163" type="stmt" count="2"/>
        <line num="164" type="stmt" count="2"/>
        <line num="166" type="stmt" count="2"/>
        <metrics loc="169" ncloc="97" classes="1" methods="8" coveredmethods="8" conditionals="0" coveredconditionals="0" statements="40" coveredstatements="40" elements="48" coveredelements="48"/>
      </file>
      <file name="C:\xampp\htdocs\seeren-dev-master\loader\src/UniversalLoader.php">
        <class name="UniversalLoader" namespace="Seeren\Loader" fullPackage="Loader" category="Seeren" package="Loader">
          <metrics complexity="15" methods="8" coveredmethods="8" conditionals="0" coveredconditionals="0" statements="26" coveredstatements="26" elements="34" coveredelements="34"/>
        </class>
        <line num="48" type="method" name="__construct" visibility="public" complexity="1" crap="1" count="7"/>
        <line num="52" type="stmt" count="7"/>
        <line num="53" type="stmt" count="7"/>
        <line num="54" type="stmt" count="7"/>
        <line num="55" type="stmt" count="7"/>
        <line num="63" type="method" name="fileName" visibility="protected" complexity="1" crap="1" count="5"/>
        <line num="65" type="stmt" count="5"/>
        <line num="74" type="method" name="load" visibility="public" complexity="3" crap="3" count="5"/>
        <line num="76" type="stmt" count="5"/>
        <line num="77" type="stmt" count="5"/>
        <line num="78" type="stmt" count="5"/>
        <line num="79" type="stmt" count="2"/>
        <line num="81" type="stmt" count="3"/>
        <line num="90" type="method" name="compose" visibility="public" complexity="6" crap="6" count="1"/>
        <line num="92" type="stmt" count="1"/>
        <line num="93" type="stmt" count="1"/>
        <line num="94" type="stmt" count="1"/>
        <line num="95" type="stmt" count="1"/>
        <line num="96" type="stmt" count="1"/>
        <line num="97" type="stmt" count="1"/>
        <line num="98" type="stmt" count="1"/>
        <line num="101" type="stmt" count="1"/>
        <line num="111" type="method" name="addPrefix" visibility="public" complexity="1" crap="1" count="2"/>
        <line num="115" type="stmt" count="2"/>
        <line num="116" type="stmt" count="2"/>
        <line num="125" type="method" name="removePrefix" visibility="public" complexity="1" crap="1" count="1"/>
        <line num="127" type="stmt" count="1"/>
        <line num="128" type="stmt" count="1"/>
        <line num="138" type="method" name="addClass" visibility="public" complexity="1" crap="1" count="2"/>
        <line num="142" type="stmt" count="2"/>
        <line num="143" type="stmt" count="2"/>
        <line num="152" type="method" name="removeClass" visibility="public" complexity="1" crap="1" count="1"/>
        <line num="154" type="stmt" count="1"/>
        <line num="155" type="stmt" count="1"/>
        <metrics loc="158" ncloc="83" classes="1" methods="8" coveredmethods="8" conditionals="0" coveredconditionals="0" statements="26" coveredstatements="26" elements="34" coveredelements="34"/>
      </file>
    </package>
    <file name="C:\xampp\htdocs\seeren-dev-master\loader\src/ClassMapInterface.php">
      <metrics loc="46" ncloc="15" classes="0" methods="0" coveredmethods="0" conditionals="0" coveredconditionals="0" statements="0" coveredstatements="0" elements="0" coveredelements="0"/>
    </file>
    <file name="C:\xampp\htdocs\seeren-dev-master\loader\src/LoaderInterface.php">
      <metrics loc="49" ncloc="15" classes="0" methods="0" coveredmethods="0" conditionals="0" coveredconditionals="0" statements="0" coveredstatements="0" elements="0" coveredelements="0"/>
    </file>
    <file name="C:\xampp\htdocs\seeren-dev-master\loader\src/Psr4Interface.php">
      <metrics loc="45" ncloc="13" classes="0" methods="0" coveredmethods="0" conditionals="0" coveredconditionals="0" statements="0" coveredstatements="0" elements="0" coveredelements="0"/>
    </file>
    <file name="C:\xampp\htdocs\seeren-dev-master\loader\src/UniversalLoaderInterface.php">
      <metrics loc="34" ncloc="11" classes="0" methods="0" coveredmethods="0" conditionals="0" coveredconditionals="0" statements="0" coveredstatements="0" elements="0" coveredelements="0"/>
    </file>
    <metrics files="8" loc="677" ncloc="318" classes="4" methods="24" coveredmethods="24" conditionals="0" coveredconditionals="0" statements="90" coveredstatements="90" elements="114" coveredelements="114"/>
  </project>
</coverage>
